2024-07-07T14:27:23.408Z - undefined: Visited Admin Dashboard
2024-07-07T14:27:35.370Z - Noëlla IKIREZI: Visited Admin Dashboard
2024-07-07T14:30:04.858Z - Noëlla IKIREZI: Visited Admin Dashboard
2024-07-07T14:30:04.883Z - Noëlla IKIREZI: Visited Admin Dashboard
2024-07-07T14:30:13.912Z - Noëlla IKIREZI: Viewed log file: activity.log
2024-07-07T14:30:17.382Z - Noëlla IKIREZI: Viewed log file: app.log
2024-07-07T14:30:21.912Z - Noëlla IKIREZI: Viewed log file: combined.log
2024-07-07T14:30:25.229Z - Noëlla IKIREZI: Viewed log file: error.log
2024-07-07T14:31:04.934Z - Noëlla IKIREZI: Visited Admin Dashboard
2024-07-07T14:31:12.056Z - Noëlla IKIREZI: Viewed log file: activity.log
2024-07-07T14:36:34.385Z - Noëlla IKIREZI: Visited Admin Dashboard
2024-07-17T11:10:46.904Z - Noëlla IKIREZI: Visited Admin Dashboard
2024-07-17T11:10:46.921Z - Noëlla IKIREZI: Visited Admin Dashboard
2024-07-17T11:10:59.231Z - Noëlla IKIREZI: Visited Admin Dashboard
2024-07-17T11:10:59.235Z - Noëlla IKIREZI: Visited Admin Dashboard
2024-07-17T11:11:01.140Z - Noëlla IKIREZI: Viewed log file: activity.log
2024-07-17T11:11:08.818Z - Noëlla IKIREZI: Viewed log file: app.log
2024-07-17T11:52:53.418Z - Noëlla IKIREZI: Visited Admin Dashboard
2024-07-17T11:52:53.424Z - Noëlla IKIREZI: Visited Admin Dashboard
2024-07-17T11:53:43.776Z - Noëlla IKIREZI: Visited Admin Dashboard
2024-07-17T11:56:21.569Z - Noëlla IKIREZI: Visited Admin Dashboard
2024-07-17T11:56:21.591Z - Noëlla IKIREZI: Visited Admin Dashboard
2024-07-17T11:56:25.353Z - Noëlla IKIREZI: Viewed log file: activity.log
2024-07-17T11:56:28.565Z - Noëlla IKIREZI: Viewed log file: app.log
2024-07-17T11:57:28.018Z - Noëlla IKIREZI: Visited Admin Dashboard
2024-07-17T12:26:31.919Z - Noëlla IKIREZI: Visited Admin Dashboard
2024-07-17T12:26:31.947Z - Noëlla IKIREZI: Visited Admin Dashboard
2024-07-17T12:26:34.170Z - Noëlla IKIREZI: Viewed log file: activity.log
2024-07-17T13:15:36.471Z - Noëlla IKIREZI: Visited Admin Dashboard
2024-07-17T13:15:36.530Z - Noëlla IKIREZI: Visited Admin Dashboard
2024-07-17T18:16:56.309Z - Aurélien Bizien: Visited Admin Dashboard
2024-07-17T18:16:56.326Z - Aurélien Bizien: Visited Admin Dashboard
2024-07-17T18:17:10.256Z - Aurélien Bizien: Visited Admin Dashboard
2024-07-17T18:17:10.290Z - Aurélien Bizien: Visited Admin Dashboard
2024-07-17T18:24:49.076Z - Aurélien Bizien: Visited Admin Dashboard
2024-07-17T18:24:49.087Z - Aurélien Bizien: Visited Admin Dashboard
2024-07-17T20:43:08.643Z - Bizien Aurelien: Visited Admin Dashboard
2024-07-17T20:43:08.647Z - Bizien Aurelien: Visited Admin Dashboard
2024-07-17T20:44:58.538Z - Bizien Aurelien: Visited Admin Dashboard
2024-07-17T20:44:58.543Z - Bizien Aurelien: Visited Admin Dashboard
