2024-07-07T12:47:18.867Z error: middlewareError
2024-07-07 19:51:05 error: userId is null or undefined in insertData request
2024-07-07 19:51:29 error: userId is null or undefined in insertData request
2024-07-07 19:52:41 error: userId is null or undefined in insertData request
2024-07-08 10:27:14 error: Error during user login for noellaikirezi@gmail.com: Access denied for user 'root'@'localhost' (using password: NO)
2024-07-08 10:29:03 error: Error fetching pages: Table 'atr.pages' doesn't exist
2024-07-08 10:29:03 error: Error fetching pages: Table 'atr.pages' doesn't exist
2024-07-08 10:45:29 error: userId is null or undefined in insertData request
2024-07-08 11:13:39 error: Error during data insertion transaction: Unknown column 'pageId' in 'field list'
2024-07-08 11:26:01 error: Error during data insertion transaction: Unknown column 'pageId' in 'field list'
2024-07-08 11:47:18 error: Error during user registration: Column 'birthdate' cannot be null
2024-07-08 11:47:46 error: Error during user registration: Column 'birthdate' cannot be null
2024-07-08 11:47:48 error: Error during user registration: Column 'birthdate' cannot be null
2024-07-08 12:01:54 error: Erreur lors de l’inscription de l’utilisateur: Format de date invalide
2024-07-08 12:13:00 error: Erreur lors de l’inscription de l’utilisateur: Format de date invalide
2024-07-08 12:15:52 error: Erreur lors de l’inscription de l’utilisateur: Format de date invalide
2024-07-08 12:25:38 error: Erreur lors de l’inscription de l’utilisateur: Incorrect date value: '20-03-1998' for column 'birthdate' at row 1
2024-07-08 12:30:55 error: Erreur lors de l’inscription de l’utilisateur: Incorrect date value: '20-03-1998' for column 'birthdate' at row 1
2024-07-08 13:38:27 error: Erreur lors de l’inscription de l’utilisateur: Incorrect date value: '20-03-1998' for column 'birthdate' at row 1
2024-07-08 13:41:08 error: Erreur lors de l’inscription de l’utilisateur: Incorrect date value: '20-03-1998' for column 'birthdate' at row 1
2024-07-08 14:21:19 error: Error during user registration: Column 'birthdate' cannot be null
2024-07-08 14:21:19 error: Error during user registration: Column 'birthdate' cannot be null
2024-07-08 14:27:03 error: Erreur lors de l’inscription de l’utilisateur: Incorrect date value: 'undefined-undefined-27-06-1998' for column 'birthdate' at row 1
2024-07-08 14:30:20 error: Error during user registration: Column 'birthdate' cannot be null
2024-07-08 14:30:41 error: Error during user registration: Column 'birthdate' cannot be null
2024-07-08 14:34:30 error: Error during user registration: Column 'birthdate' cannot be null
2024-07-08 14:42:38 error: Error during user registration: Incorrect date value: '0000-00-00' for column 'birthdate' at row 1
2024-07-08 14:51:16 error: Error during user registration: Unknown column 'birthdate' in 'field list'
2024-07-08 15:35:36 error: Error during data insertion transaction: Unknown column 'imageUrl' in 'field list'
2024-07-08 16:35:17 error: middlewareError
2024-07-08 16:48:09 error: middlewareError
2024-07-08 16:48:43 error: middlewareError
2024-07-08 16:49:14 error: middlewareError
2024-07-08 16:50:54 error: Error during data insertion transaction: Cannot read properties of undefined (reading 'logo')
2024-07-08 16:51:30 error: Error during data insertion transaction: Cannot read properties of undefined (reading 'logo')
2024-07-08 17:17:01 error: middlewareError
2024-07-08 17:22:16 error: middlewareError
2024-07-09 09:58:20 error: Error during data insertion transaction: parsedData.aboutSections is not iterable
2024-07-09 09:59:28 error: Error during data insertion transaction: parsedData.aboutSections is not iterable
2024-07-09 10:23:11 error: middlewareError
2024-07-09 10:24:09 error: middlewareError
2024-07-09 10:25:50 error: middlewareError
2024-07-09 10:27:25 error: middlewareError
2024-07-09 16:56:13 error: Error during user registration: Column 'birthday' cannot be null
2024-07-09 16:56:57 error: Error during user registration: Column 'birthday' cannot be null
2024-07-09 17:00:04 error: Error during user registration: Column 'birthday' cannot be null
2024-07-09 17:10:24 error: middlewareError
2024-07-09 17:25:00 error: Error creating post: Field 'pageId' doesn't have a default value
2024-07-10 09:33:01 error: middlewareError
2024-07-10 09:33:02 error: middlewareError
2024-07-10 09:38:52 error: Error creating comment: Field 'pageId' doesn't have a default value
2024-07-10 09:38:57 error: Error creating post: Field 'pageId' doesn't have a default value
2024-07-10 09:53:22 error: Error creating post: Field 'pageId' doesn't have a default value
2024-07-10 09:58:08 error: Error creating comment: Cannot add or update a child row: a foreign key constraint fails (`atr`.`comments`, CONSTRAINT `comments_ibfk_2` FOREIGN KEY (`post_id`) REFERENCES `blog_posts` (`id`))
2024-07-10 10:17:57 error: middlewareError
2024-07-10 10:18:09 error: middlewareError
2024-07-10 11:46:31 error: Error during data insertion transaction: Cannot read properties of undefined (reading 'logo')
2024-07-10 11:52:35 error: Error during data insertion transaction: Cannot read properties of undefined (reading 'logo')
2024-07-10 11:54:01 error: Error during data insertion transaction: Cannot read properties of undefined (reading 'logo')
2024-07-10 11:56:15 error: Error during data insertion transaction: Cannot read properties of undefined (reading '0')
2024-07-10 12:13:00 error: Error during data insertion transaction: Duplicate entry '/LA-FONDATION-NOTRE-DAME' for key 'pages.url'
2024-07-10 13:54:18 error: Error during data insertion transaction: Duplicate entry '/Culture' for key 'pages.url'
2024-07-10 13:54:25 error: Error during data insertion transaction: Cannot read properties of undefined (reading 'logo')
2024-07-10 13:55:01 error: Error during data insertion transaction: Cannot read properties of undefined (reading '0')
2024-07-10 13:57:44 error: Error during data insertion transaction: Duplicate entry '/Culture-1' for key 'pages.url'
2024-07-10 14:03:03 error: Error during data insertion transaction: Duplicate entry '/Culture-12' for key 'pages.url'
2024-07-10 14:16:56 error: Error during data insertion transaction: Duplicate entry '/LA-FONDATION-NOTRE-DAME-culture123' for key 'pages.url'
2024-07-10 14:17:10 error: Error during data insertion transaction: Data too long for column 'title' at row 1
2024-07-10 14:48:09 error: Error fetching pages: Unknown column 'pageId' in 'where clause'
2024-07-10 14:48:09 error: Error fetching pages: Unknown column 'pageId' in 'where clause'
2024-07-10 14:48:19 error: Error fetching pages: Unknown column 'pageId' in 'where clause'
2024-07-10 14:48:19 error: Error fetching pages: Unknown column 'pageId' in 'where clause'
2024-07-10 14:58:27 error: Error during data insertion transaction: Duplicate entry '/Lorem-Ipsum23212' for key 'pages.url'
2024-07-10 15:26:00 error: Error during data insertion transaction: Duplicate entry '/LA-FONDATION-NOTRE-DAME-12223' for key 'pages.url'
2024-07-10 15:42:25 error: Error during data insertion transaction: Unknown column 'userId' in 'field list'
2024-07-10 15:43:09 error: Error during data insertion transaction: Unknown column 'userId' in 'field list'
2024-07-10 15:43:37 error: Error during data insertion transaction: Unknown column 'userId' in 'field list'
2024-07-10 16:21:29 error: Error during data insertion transaction: Unknown column 'userId' in 'field list'
2024-07-10 16:23:08 error: Error during data insertion transaction: Unknown column 'imageUrl' in 'field list'
2024-07-15 20:34:04 error: Error during user registration: Access denied for user 'root'@'localhost' (using password: YES)
2024-07-15 20:34:37 error: Error during user registration: Access denied for user 'root'@'localhost' (using password: YES)
2024-07-15 20:34:51 error: Error during user login for noellaikirezi@gmail.com: Access denied for user 'root'@'localhost' (using password: YES)
2024-07-15 20:35:24 error: Error during user login for noellaikirezi@gmail.com: Access denied for user 'root'@'localhost' (using password: YES)
2024-07-15 20:35:52 error: Error during user login for noellaikirezi@gmail.com: Access denied for user 'root'@'localhost' (using password: YES)
2024-07-15 20:36:48 error: Error during user login for noellaikirezi@gmail.com: Access denied for user 'root'@'localhost' (using password: YES)
2024-07-15 20:39:43 error: Error during user login for noellaikirezi@gmail.com: Access denied for user 'root'@'localhost' (using password: YES)
2024-07-15 20:44:44 error: Error fetching profile for user ID 3: Unknown column 'birthday' in 'field list'
2024-07-15 20:44:44 error: Error fetching profile for user ID 3: Unknown column 'birthday' in 'field list'
2024-07-15 20:44:54 error: Error fetching profile for user ID 3: Unknown column 'birthday' in 'field list'
2024-07-15 20:44:54 error: Error fetching profile for user ID 3: Unknown column 'birthday' in 'field list'
2024-07-15 20:45:05 error: Error fetching profile for user ID 3: Unknown column 'birthday' in 'field list'
2024-07-15 20:45:05 error: Error fetching profile for user ID 3: Unknown column 'birthday' in 'field list'
2024-07-15 20:50:44 error: Error during data insertion transaction: Unknown column 'user_id' in 'field list'
2024-07-15 21:10:29 error: Error during data insertion transaction: Unknown column 'user_id' in 'field list'
2024-07-15 21:11:52 error: Error during data insertion transaction: Unknown column 'user_id' in 'field list'
2024-07-15 23:25:34 error: Error during navbar insertion transaction: Incorrect integer value: '/Association12' for column 'pageId' at row 1
2024-07-15 23:45:57 error: Error during service insertion transaction: Incorrect integer value: '/DES-HOMMES-ET-DES-ARTSDES-HOMMES-ET-DES-ARTS1' for column 'pageId' at row 1
2024-07-15 23:46:12 error: Error during team member insertion transaction: Incorrect integer value: '/DES-HOMMES-ET-DES-ARTSDES-HOMMES-ET-DES-ARTS1' for column 'pageId' at row 1
2024-07-15 23:46:23 error: Error during team member insertion transaction: Incorrect integer value: '/DES-HOMMES-ET-DES-ARTSDES-HOMMES-ET-DES-ARTS1' for column 'pageId' at row 1
2024-07-15 23:49:11 error: middlewareError
2024-07-15 23:49:25 error: Error during service insertion transaction: Incorrect integer value: '/DES-HOMMES-ET-DES-ARTS2345' for column 'pageId' at row 1
2024-07-15 23:49:31 error: Error during team info insertion transaction: Incorrect integer value: '/DES-HOMMES-ET-DES-ARTS2345' for column 'pageId' at row 1
2024-07-15 23:49:35 error: Error during team info insertion transaction: Incorrect integer value: '/DES-HOMMES-ET-DES-ARTS2345' for column 'pageId' at row 1
2024-07-15 23:49:46 error: Error during team member insertion transaction: Incorrect integer value: '/DES-HOMMES-ET-DES-ARTS2345' for column 'pageId' at row 1
2024-07-15 23:52:51 error: Error during team member insertion transaction: Incorrect integer value: '/DES-HOMMES-ET-DES-ARTS2345' for column 'pageId' at row 1
2024-07-16 00:23:37 error: Error during team member insertion transaction: Incorrect integer value: '/Bonjour-tout-le-monde12' for column 'pageId' at row 1
2024-07-16 00:23:39 error: Error during team info insertion transaction: Incorrect integer value: '/Bonjour-tout-le-monde12' for column 'pageId' at row 1
2024-07-16 00:24:12 error: middlewareError
2024-07-16 00:24:14 error: Error during about section insertion transaction: Incorrect integer value: '/Bonjour-tout-le-monde12' for column 'pageId' at row 1
2024-07-16 00:24:19 error: Error during team info insertion transaction: Incorrect integer value: '/Bonjour-tout-le-monde12' for column 'pageId' at row 1
2024-07-16 00:24:20 error: Error during team member insertion transaction: Incorrect integer value: '/Bonjour-tout-le-monde12' for column 'pageId' at row 1
2024-07-16 00:24:22 error: middlewareError
2024-07-16 00:40:14 error: middlewareError
2024-07-16 01:27:29 error: Error during team member insertion transaction: Incorrect integer value: '/Association111' for column 'pageId' at row 1
2024-07-16 01:27:40 error: middlewareError
2024-07-16 01:27:50 error: Error during service insertion transaction: Incorrect integer value: '/Association111' for column 'pageId' at row 1
2024-07-16 01:30:05 error: Error during about section insertion transaction: Incorrect integer value: '/Association111' for column 'pageId' at row 1
2024-07-16 01:30:12 error: Error during about section insertion transaction: Incorrect integer value: '/Association111' for column 'pageId' at row 1
2024-07-16 01:31:54 error: Error during about section insertion transaction: Incorrect integer value: '/trials' for column 'pageId' at row 1
2024-07-16 01:34:34 error: Error during about section insertion transaction: Incorrect integer value: '/trials' for column 'pageId' at row 1
2024-07-16 01:45:56 error: middlewareError
2024-07-16 01:46:11 error: Error during about section insertion transaction: Incorrect integer value: '/DES-HOMMES-ET-DES-ARTS22' for column 'pageId' at row 1
2024-07-16 01:46:54 error: Error during about section insertion transaction: Incorrect integer value: '/Association1' for column 'pageId' at row 1
2024-07-16 01:46:57 error: middlewareError
2024-07-16 01:47:09 error: Error during service insertion transaction: Incorrect integer value: '/Association1' for column 'pageId' at row 1
2024-07-16 01:47:33 error: Error during team member insertion transaction: Incorrect integer value: '/Association1' for column 'pageId' at row 1
2024-07-16 01:47:38 error: Error during team member insertion transaction: Incorrect integer value: '/Association1' for column 'pageId' at row 1
2024-07-16 01:47:45 error: Error during team member insertion transaction: Incorrect integer value: '/Association1' for column 'pageId' at row 1
2024-07-16 01:47:53 error: Error during team member insertion transaction: Incorrect integer value: '/Association1' for column 'pageId' at row 1
2024-07-16 01:48:09 error: middlewareError
2024-07-16 01:54:34 error: middlewareError
2024-07-16 01:57:57 error: middlewareError
2024-07-16 01:59:59 error: middlewareError
2024-07-16 02:04:53 error: middlewareError
2024-07-16 08:59:19 error: middlewareError
2024-07-16 09:02:18 error: middlewareError
2024-07-16 09:03:40 error: Error during navbar insertion transaction: Incorrect integer value: '/cally' for column 'pageId' at row 1
2024-07-16 09:10:47 error: Error during navbar insertion transaction: Incorrect integer value: '/kelly' for column 'pageId' at row 1
2024-07-16 09:11:34 error: Error during navbar insertion transaction: Incorrect integer value: '/Association112345' for column 'pageId' at row 1
2024-07-16 09:26:08 error: Error during page creation transaction: Column 'userId' cannot be null
2024-07-16 09:30:23 error: middlewareError
2024-07-16 11:35:01 error: Error during service insertion transaction: Incorrect integer value: '/Association1kiiiiiiiiiiiiiiiiiiiiii' for column 'pageId' at row 1
2024-07-16 15:39:52 error: Error during team member insertion transaction: Incorrect integer value: '/zdefgrthjykliojhgf' for column 'pageId' at row 1
